Exporter version: 6.4.5, Blender version: 2.90.1
========= Conversion from Blender to Babylon.js =========
	Scene settings used :
		Inline textures     :  false
		Material Type       :  PBR
		Positions Precision :  4
		Normals Precision   :  3
		UVs Precision       :  3
		Vert Color Precision:  3
		Mat Weight Precision:  2
		Keep Z-up r-handed  :  no
		Texture directory   :  C:\Users\svent\Documents\sven-frankson\dodo-paradize\datas\meshes\
	Python World class constructor completed
	WARNING: No active camera has been assigned, or is not in a currently selected Blender layer
	processing begun of mesh:  00-body
		processing begun of material:  Green
		num positions      :  130
		num normals        :  130
		num tangents       :  0
		num uvs            :  260
		num uvs2           :  0
		num colors         :  0
		num triangles      :  192
	processing begun of mesh:  01-upper-leg
		processing begun of material:  Green
		registered as also a user of material:  Green
		num positions      :  63
		num normals        :  63
		num tangents       :  0
		num uvs            :  126
		num uvs2           :  0
		num colors         :  0
		num triangles      :  64
	processing begun of mesh:  02-lower-leg
		processing begun of material:  Red
		num positions      :  43
		num normals        :  43
		num tangents       :  0
		num uvs            :  86
		num uvs2           :  0
		num colors         :  0
		num triangles      :  32
	processing begun of mesh:  03-head
		processing begun of material:  Blue
		processing begun of material:  Red
		registered as also a user of material:  Red
		processing begun of multimaterial:  dodo.Multimaterial#0
		num positions      :  267
		num normals        :  267
		num tangents       :  0
		num uvs            :  534
		num uvs2           :  0
		num colors         :  0
		num triangles      :  264
	processing begun of mesh:  04-eye
		processing begun of material:  White
		num positions      :  141
		num normals        :  141
		num tangents       :  0
		num uvs            :  282
		num uvs2           :  0
		num colors         :  0
		num triangles      :  120
	processing begun of mesh:  05-tail
		processing begun of material:  Blue
		registered as also a user of material:  Blue
		num positions      :  9
		num normals        :  9
		num tangents       :  0
		num uvs            :  18
		num uvs2           :  0
		num colors         :  0
		num triangles      :  13
	processing begun of mesh:  06-tail-side
		WARNING: No materials have been assigned: 
		num positions      :  9
		num normals        :  9
		num tangents       :  0
		num uvs            :  18
		num uvs2           :  0
		num colors         :  0
		num triangles      :  13
	processing begun of mesh:  07-jaw
		processing begun of material:  Blue
		processing begun of material:  Red
		registered as also a user of material:  Blue
		registered as also a user of material:  Red
		processing begun of multimaterial:  dodo.Multimaterial#1
		num positions      :  18
		num normals        :  18
		num tangents       :  0
		num uvs            :  36
		num uvs2           :  0
		num colors         :  0
		num triangles      :  32
	processing begun of mesh:  08-hat
		processing begun of material:  Red
		registered as also a user of material:  Red
		num positions      :  62
		num normals        :  62
		num tangents       :  0
		num uvs            :  124
		num uvs2           :  0
		num colors         :  0
		num triangles      :  96
	processing begun of mesh:  09-cap
		processing begun of material:  Blue
		processing begun of material:  Red
		registered as also a user of material:  Blue
		registered as also a user of material:  Red
		processing begun of multimaterial:  dodo.Multimaterial#2
		num positions      :  51
		num normals        :  51
		num tangents       :  0
		num uvs            :  102
		num uvs2           :  0
		num colors         :  0
		num triangles      :  42
	processing begun of mesh:  10-queen
		processing begun of material:  Blue
		processing begun of material:  Red
		registered as also a user of material:  Blue
		registered as also a user of material:  Red
		processing begun of multimaterial:  dodo.Multimaterial#3
		num positions      :  132
		num normals        :  132
		num tangents       :  0
		num uvs            :  264
		num uvs2           :  0
		num colors         :  0
		num triangles      :  112
========= Writing of JSON file started =========
	writing mesh:  00-body
	writing mesh:  01-upper-leg
	writing mesh:  02-lower-leg
	writing mesh:  03-head
	writing mesh:  04-eye
	writing mesh:  05-tail
	writing mesh:  06-tail-side
	writing mesh:  07-jaw
	writing mesh:  08-hat
	writing mesh:  09-cap
	writing mesh:  10-queen
========= Writing of JSON file completed =========
========= end of processing =========
elapsed time:  0 min, 0.0648 secs
